#-----------------------------------------------------------
# Vivado v2017.4 (64-bit)
# SW Build 2086221 on Fri Dec 15 20:55:39 MST 2017
# IP Build 2085800 on Fri Dec 15 22:25:07 MST 2017
# Start of session at: Fri Jun 29 11:20:42 2018
# Process ID: 39040
# Current directory: D:/hardware lab/final project/Final/HD_Final
# Command line: vivado.exe -gui_launcher_event rodinguilauncherevent21860 D:\hardware lab\final project\Final\HD_Final\HD_Final.xpr
# Log file: D:/hardware lab/final project/Final/HD_Final/vivado.log
# Journal file: D:/hardware lab/final project/Final/HD_Final\vivado.jou
#-----------------------------------------------------------
start_gui
open_project {D:/hardware lab/final project/Final/HD_Final/HD_Final.xpr}
INFO: [Project 1-313] Project file moved from 'C:/Users/de ming/Desktop/HD_Final' since last save.
Scanning sources...
Finished scanning sources
WARNING: [filemgmt 56-2] IP Repository Path: Could not find the directory 'D:/hardware lab/final project/Final/project_1/ip/Keyboard-Controller', nor could it be found using path 'C:/Users/de ming/Desktop/project_1/ip/Keyboard-Controller'.
INFO: [IP_Flow 19-234] Refreshing IP repositories
WARNING: [IP_Flow 19-2248] Failed to load user IP repository 'd:/hardware lab/final project/Final/project_1/ip/Keyboard-Controller'; Can't find the specified path.
If this directory should no longer be in your list of user repositories, go to the IP Settings dialog and remove it.
INFO: [IP_Flow 19-2313] Loaded Vivado IP repository 'C:/Xilinx/Vivado/2017.4/data/ip'.
WARNING: [IP_Flow 19-2162] IP 'KeyboardCtrl_1' is locked:
* IP definition 'KeyboardCtrl (1.0)' for IP 'KeyboardCtrl_1' (customized with software release 2017.4) was not found in the IP Catalog.
Please select 'Report IP Status' from the 'Tools/Report' menu or run Tcl command 'report_ip_status' for more information.
WARNING: [IP_Flow 19-2162] IP 'KeyboardCtrl_0' is locked:
* IP definition 'KeyboardCtrl (1.0)' for IP 'KeyboardCtrl_0' (customized with software release 2017.4) was not found in the IP Catalog.
Please select 'Report IP Status' from the 'Tools/Report' menu or run Tcl command 'report_ip_status' for more information.
open_project: Time (s): cpu = 00:00:15 ; elapsed = 00:00:06 . Memory (MB): peak = 776.137 ; gain = 79.863
update_compile_order -fileset sources_1
exit
INFO: [Common 17-206] Exiting Vivado at Fri Jun 29 11:23:39 2018...
